..................................................
.........o........................................
o........o........................................
o......o.o........................................
o......o.o............................o...........
o......ooo............................o...........
o.....oooo............................o...........
o.....oooo...................o........o...........
o.....oooo...................o........o.....o.....
o.....oooo......o............o........o.....o.....
o.....oooo......o..........o.o........o.....o.....
o.o...oooo......o..........o.o........o.....o.....
o.o...oooo......o..........o.o........o.....o...o.
o.o...oooo......o..........o.o........o.....o...o.
o.o...oooo......oo.........o.o........o.....o...o.
o.o...oooo....o.oo.........o.o........o.....o...o.
o.o...oooo....o.oo.........o.o........oo....o...o.
o.o...oooo....o.oo.........o.o........oo.o..o...o.
o.o...oooo....o.oo......o..o.o........oo.o..o...o.
o.o...oooo....o.oo...o..o..o.o........oo.o..o...o.
o.o...oooo....o.oo...o..o..o.o.......ooo.o..o...o.
o.o...oooo....o.oo...o..o..o.o......oooo.o..o...o.
o.o...oooo....o.oo...o..o..o.o.o....oooo.o..o...o.
o.o...oooo....o.oo...o..o.oo.o.o....oooo.o..o...o.
o.o...oooo....o.oo...o..o.oo.o.o....oooo.o..o...o.
o.o...oooo....o.oo...o..o.oo.ooo....oooo.o..o...o.
o.o...oooo....o.oo...o..oooo.ooo....oooo.o..o...o.
o.o...oooo....o.oo...o..oooo.ooo....oooo.o..o...o.
o.o...oooo....o.oo...o..oooo.oooo...oooo.o..o...o.
o.o...oooo....o.oo...o..oooo.oooo...oooo.o..o...o.
o.o...oooo....o.oo.o.o..oooo.oooo...oooo.o..o...o.
o.o...oooo....o.oo.o.o..oooo.oooo...oooo.o..o...o.
o.o...oooo....o.oo.o.o..oooo.oooo...oooo.o..o...o.
o.o...oooo....o.oo.o.o..oooo.oooo...oooo.o..o...o.
o.o...oooo....o.oo.o.o..oooo.oooo.o.oooo.o..o...o.
o.o...oooo....o.oo.o.o..oooo.oooo.o.oooo.o..o...o.
o.o...oooo....o.oo.o.o..oooo.oooo.o.oooo.o..o...o.
o.o...oooo....o.oo.o.o..oooo.oooo.o.oooo.o..o...o.
o.o...oooo....o.oo.o.o..oooo.oooo.o.oooo.o..oo..o.
o.o...oooo....o.oooo.o..oooo.oooo.o.oooo.o..oo..o.
o.o...oooo....o.oooo.o..oooo.oooo.o.oooo.o..oo..o.
o.o...oooo....o.oooo.o..oooo.oooo.o.oooo.o..oo..o.
o.o...oooo....o.oooo.o..ooooooooo.o.oooo.o..oo..o.
o.o...oooo....o.oooo.o..ooooooooo.o.oooo.o..oo..o.
o.o...oooo....o.oooo.o..ooooooooo.o.oooo.o..oo..o.
o.o...oooo....o.oooo.o..ooooooooo.o.oooo.o..oo..o.
o.o...oooo....o.oooo.o..ooooooooo.o.oooo.o..oo..o.
o.o...oooo....o.oooo.o..ooooooooo.o.oooo.o.ooo..o.
o.o...oooo....o.oooo.o..ooooooooo.o.oooo.o.ooo..o.
o.o...oooo....o.oooo.o..ooooooooo.o.oooo.o.ooo..o.
o.o...oooo...oo.oooo.o..ooooooooo.o.oooo.o.ooo..o.
o.o...oooo...oo.oooo.o..ooooooooo.o.oooooo.ooo..o.
o.o...ooooo..oo.oooo.o..ooooooooo.o.oooooo.ooo..o.
o.o..oooooo..oo.oooo.o..ooooooooo.o.oooooo.ooo..o.
o.o..oooooo..oo.oooo.o..ooooooooo.o.oooooo.ooo..o.
o.o..oooooo..oo.oooo.o..ooooooooo.o.oooooo.ooo..o.
o.o..oooooo..oo.oooo.o..ooooooooo.o.oooooo.ooo..o.
o.o..oooooo..oo.oooo.o..ooooooooo.oooooooo.ooo..o.
o.o..oooooo..oo.oooo.o..ooooooooo.oooooooo.ooo..o.
o.o..oooooo..oo.oooo.o..ooooooooo.oooooooo.ooo..o.
o.oo.oooooo..oo.oooo.o..ooooooooo.oooooooo.ooo..o.
o.oo.oooooo..oo.oooo.o..ooooooooo.oooooooo.ooo..o.
o.oo.oooooo..oo.oooo.o..ooooooooo.oooooooo.ooo..o.
o.oo.oooooo..oo.oooo.o..ooooooooo.oooooooo.ooo..o.
o.oo.oooooo..oo.oooo.o..ooooooooo.oooooooo.ooo..o.
o.oo.oooooo..ooooooo.o..ooooooooo.oooooooo.ooo..o.
o.oo.oooooo..ooooooo.o..ooooooooo.oooooooo.ooo..o.
o.oo.oooooo..ooooooo.o..ooooooooo.oooooooooooo..o.
o.oo.oooooo..ooooooo.o..ooooooooo.oooooooooooo..o.
oooo.oooooo..ooooooo.o..ooooooooo.oooooooooooo..o.
oooo.oooooo..ooooooo.o..ooooooooo.oooooooooooo..o.
oooo.oooooo..ooooooo.o..ooooooooo.oooooooooooo..o.
oooo.oooooo..ooooooo.o..ooooooooo.oooooooooooo..o.
oooo.oooooo..ooooooo.o..ooooooooo.oooooooooooo..o.
oooo.oooooo..ooooooo.o..ooooooooo.oooooooooooo..o.
oooo.oooooo..ooooooo.o..ooooooooo.oooooooooooo..o.
oooo.oooooo..ooooooo.o..ooooooooo.oooooooooooo..o.
oooo.oooooo..ooooooo.o..ooooooooo.oooooooooooo..o.
oooo.oooooo..ooooooo.o..ooooooooo.oooooooooooo..o.
oooo.oooooo..ooooooo.o..ooooooooo.oooooooooooo.oo.
oooo.oooooo..ooooooo.o..ooooooooo.oooooooooooo.oo.
oooo.oooooo..ooooooo.o..ooooooooo.oooooooooooo.oo.
oooo.oooooo..ooooooo.o..ooooooooo.oooooooooooo.oo.
oooo.oooooo..ooooooo.o..ooooooooo.oooooooooooo.oo.
oooo.oooooo..ooooooo.o..ooooooooo.oooooooooooo.oo.
oooo.oooooo..ooooooo.o..ooooooooo.oooooooooooo.oo.
oooo.oooooo..ooooooo.o..ooooooooo.oooooooooooo.oo.
oooo.oooooo..ooooooo.o..ooooooooo.oooooooooooo.oo.
oooo.oooooo..ooooooo.o..ooooooooo.oooooooooooo.oo.
oooo.oooooo..ooooooo.o..ooooooooo.oooooooooooo.oo.
oooo.oooooo..ooooooo.o..ooooooooo.oooooooooooo.oo.
oooo.oooooo..ooooooo.o..ooooooooo.oooooooooooo.oo.
oooo.oooooo..ooooooo.o..ooooooooo.oooooooooooo.oo.
oooo.oooooo..ooooooo.o..ooooooooo.oooooooooooo.oo.
oooo.oooooo..ooooooo.o..ooooooooo.oooooooooooo.oo.
oooo.oooooo..ooooooo.o..ooooooooo.oooooooooooo.oo.
oooo.oooooo..ooooooo.o..ooooooooo.oooooooooooo.oo.
oooo.oooooo..ooooooo.o..ooooooooo.oooooooooooo.oo.
oooo.oooooo..ooooooo.o..ooooooooo.oooooooooooo.oo.
oooo.oooooo..ooooooo.o..ooooooooo.oooooooooooo.oo.
oooo.oooooo..ooooooo.o..ooooooooo.oooooooooooo.oo.
oooo.oooooo..ooooooo.o..ooooooooo.oooooooooooo.oo.
oooo.oooooo..ooooooo.o..ooooooooo.oooooooooooo.oo.
oooo.oooooo..ooooooo.o..ooooooooo.oooooooooooo.oo.
oooo.oooooo..ooooooo.oo.ooooooooo.oooooooooooo.oo.
oooo.oooooo..ooooooo.oo.ooooooooo.oooooooooooo.oo.
oooo.oooooo..ooooooo.oo.ooooooooo.oooooooooooo.oo.
oooo.oooooo..ooooooo.oo.ooooooooo.oooooooooooo.oo.
oooo.oooooo..ooooooo.oo.ooooooooo.oooooooooooo.oo.
oooo.oooooo..ooooooo.oo.ooooooooo.oooooooooooo.oo.
oooo.oooooo..ooooooo.oo.ooooooooo.oooooooooooo.oo.
ooooooooooo..ooooooo.oo.ooooooooo.oooooooooooo.oo.
ooooooooooo..ooooooo.oo.ooooooooo.oooooooooooo.oo.
ooooooooooo..ooooooo.oo.ooooooooo.oooooooooooo.oo.
ooooooooooo..ooooooo.oo.ooooooooo.oooooooooooo.oo.
ooooooooooo..ooooooo.oo.ooooooooo.oooooooooooo.oo.
ooooooooooo..ooooooo.oo.ooooooooo.oooooooooooo.oo.
ooooooooooo..ooooooo.oo.ooooooooo.oooooooooooo.oo.
ooooooooooo..oooooooooo.ooooooooo.oooooooooooo.oo.
ooooooooooo..oooooooooo.oooooooooooooooooooooo.oo.
ooooooooooo..oooooooooo.oooooooooooooooooooooo.oo.
ooooooooooo..oooooooooo.oooooooooooooooooooooo.oo.
ooooooooooo..oooooooooo.oooooooooooooooooooooo.oo.
ooooooooooo..oooooooooo.oooooooooooooooooooooo.oo.
ooooooooooo..oooooooooo.oooooooooooooooooooooo.oo.
ooooooooooo..oooooooooo.oooooooooooooooooooooo.oo.
ooooooooooo..oooooooooo.oooooooooooooooooooooo.oo.
ooooooooooo..oooooooooo.oooooooooooooooooooooo.oo.
ooooooooooo..ooooooooooooooooooooooooooooooooo.oo.
ooooooooooo..ooooooooooooooooooooooooooooooooo.oo.
ooooooooooo..ooooooooooooooooooooooooooooooooo.oo.
ooooooooooo..ooooooooooooooooooooooooooooooooo.oo.
ooooooooooo..ooooooooooooooooooooooooooooooooo.oo.
ooooooooooo..ooooooooooooooooooooooooooooooooo.oo.
ooooooooooo..ooooooooooooooooooooooooooooooooo.oo.
ooooooooooo..ooooooooooooooooooooooooooooooooo.oo.
ooooooooooo..ooooooooooooooooooooooooooooooooo.oo.
ooooooooooo..ooooooooooooooooooooooooooooooooo.oo.
ooooooooooo..ooooooooooooooooooooooooooooooooo.oo.
ooooooooooo..ooooooooooooooooooooooooooooooooo.oo.
ooooooooooo..ooooooooooooooooooooooooooooooooo.oo.
ooooooooooo..ooooooooooooooooooooooooooooooooo.oo.
ooooooooooo..oooooooooooooooooooooooooooooooooooo.
ooooooooooo..oooooooooooooooooooooooooooooooooooo.
ooooooooooo.ooooooooooooooooooooooooooooooooooooo.
ooooooooooo.ooooooooooooooooooooooooooooooooooooo.
ooooooooooo.ooooooooooooooooooooooooooooooooooooo.
ooooooooooo.ooooooooooooooooooooooooooooooooooooo.
ooooooooooo.ooooooooooooooooooooooooooooooooooooo.
ooooooooooo.ooooooooooooooooooooooooooooooooooooo.
ooooooooooo.ooooooooooooooooooooooooooooooooooooo.
ooooooooooo.ooooooooooooooooooooooooooooooooooooo.
ooooooooooo.oooooooooooooooooooooooooooooooooooooo
ooooooooooo.oooooooooooooooooooooooooooooooooooooo
oooooooooooooooooooooooooooooooooooooooooooooooooo
oooooooooooooooooooooooooooooooooooooooooooooooooo
oooooooooooooooooooooooooooooooooooooooooooooooooo
oooooooooooooooooooooooooooooooooooooooooooooooooo
oooooooooooooooooooooooooooooooooooooooooooooooooo
ooooooooooooooooooooooooooooooooooooooooooo.oooooo
ooooooooooooooooooooooooooooooooooooooo.ooo.oooooo
ooooooooooooooooooooooooooooooooooooooo.ooo.o.oooo
ooooooooooooooooooooooooooooooooo.ooooo.ooo.o.oooo
ooooooooooooooooooooooooooooooooo.ooooo.ooo.o.oooo
ooooooooooooooooooooooooooooooooo.ooooo.ooo.o.oooo
ooooooooooooooooooooooooooooooooo.ooooo.ooo.o.oooo
ooooooooooooooooooooooooooooooooo.ooooo.ooo.o.oo.o
oooooooooooooo.oooooooooooooooooo.ooooo.ooo.o.oo.o
oooooooooooooo.oooooooooooo.ooooo.ooooo.ooo.o.oo.o
oooooooooooooo.oooooooooooo.ooooo.ooooo.ooo...oo.o
oooooooooooooo.oooooooooo.o.ooooo.ooooo.ooo...oo.o
oooooooooooooo.oooooooooo.o.ooooo.ooooo.ooo...oo.o
oooooooooooo.o.oooooooooo.o.ooooo.ooooo.ooo...oo.o
oooooooooooo.o.oooooooooo.o.ooo.o.ooooo.ooo...oo.o
oooooooooooo.o.oooooooooo.o.ooo.o.ooooo.ooo...oo.o
oooooooooooo.o.oooooooooo.o.ooo.o.ooooo.ooo...oo.o
oooo.ooooooo.o.oooooooooo.o.ooo.o.ooooo.ooo...oo.o
oooo.ooooooo.o.oooooooooo.o.ooo.o.ooooo.ooo....o.o
oooo.ooooooo.o.oooooooooo.o.ooo.o.ooooo.ooo....o.o
oooo.ooooooo.o.oooooooooo...ooo.o.ooooo.ooo....o.o
oooo.ooooooo.o.oooooooooo...ooo.o.ooooo.ooo....o.o
oooo.ooooooo.o.oooooooooo...ooo.o.ooooo.ooo....o.o
oooo.ooooooo.o.oooooooooo...ooo.o.ooooo.ooo....o.o
oooo.ooooooo.o.oooooooooo...ooo.o.ooooo.ooo....o.o
oo.o.ooooooo.o.oooooooooo...ooo.o.ooooo.ooo....o.o
oo.o.ooooooo.o.oooooooooo...ooo.o.o.ooo.ooo....o.o
.o.o.ooooooo.o.oooooooooo...ooo.o.o.ooo.ooo....o.o
.o.o.ooooooo.o.oooooooooo...ooo.o.o.ooo.ooo....o.o
.o.o.ooooooo.o.oooo.ooooo...ooo.o.o.ooo.ooo....o.o
.o.o.ooo.ooo.o.oooo.ooooo...ooo.o.o.ooo.ooo....o.o
.o.o.ooo.ooo.o.oooo.ooooo...ooo.o.o.ooo.ooo....o.o
.o.o.ooo.ooo.o.oooo.ooooo...ooo.o.o.ooo..oo....o.o
.o.o.ooo.ooo.o.oooo.ooooo....oo.o.o.ooo..oo....o.o
.o.o.ooo.ooo.o.oooo.ooooo.o..oo.o.o.ooo..oo....o.o
.o.o.ooo.ooo.o.oooo.ooooo.o..oo.o.o.ooo..oo....o.o
.o.o.ooo.o.o.o.oooo.ooooo.o..oo.o.o.ooo..oo....o.o
.o.o.ooo.o.o.o.o.oo.ooooo.o..oo.o.o.ooo..oo....o.o
.o.o.ooo.o.o.o.o.oo.ooooo.o..oo.o.o.ooo..oo....o.o
.o.o.ooo.o.o.o.o.oo.ooooo.o..oo.o.o.ooo..oo......o
.o.o.ooo.o.o.o.o.oo.ooooo.o..oo.o.o.ooo..oo......o
.o.o.ooo.o.o.o.o.oo.ooooo.o..oo.o.o.ooo..oo......o
...o.ooo.o.o.o.o.oo.ooooo.o..oo.o.o.ooo..oo......o
...o.ooo.o.o.o.o.oo.ooooo.o..oo.o.o.ooo..oo......o
...o.ooo.o.o.o.o.oo.ooooo.o..oo.o.o.ooo..oo......o
...o.ooo.o.o.o.o.oo.ooooo.o..oo.o.o.ooo..oo......o
...o.ooo.o.o.o.o.oo.ooooo....oo.o.o.ooo..oo......o
...o.ooo.o.o.o.o.oo.ooooo....oo.o.o.ooo..oo......o
...o.ooo.o.o.o.o.oo.ooooo....oo.o.o.ooo..oo......o
...o.ooo.o.o.o.o.oo.ooooo....oo.o.o.ooo...o......o
...o.ooo.o.o.o.o.oo..oooo....oo.o.o.ooo...o......o
...o.ooo.o.o.o.o.oo..oooo....oo.o.o.ooo...o..o...o
...o.ooo.o.o.o.o.oo..oooo....oo.o.o.ooo...o..o...o
...o.ooo.o.o.o.o.oo..oooo....oo.o.o.ooo...o..o...o
...o.ooo.o.o.o.o.oo..oooo....oooo.o.ooo...o..o...o
...o.ooo.o.o.o.o.oo..oooo....oooo.o.ooo...o..o...o
.....ooo.o.o.o.o.oo..oooo....oooo.o.ooo...o..o...o
.....ooo.o.o.o.o.oo..oooo....oooo.o.ooo...oo.o...o
.....ooo.o.o.o.o.oo..oooo....oooo.o.ooo...oo.o...o
.....ooo.o.o.o.o.oo..oooo....oooo.o.ooo...oo.o...o
......oo.o.o.o.o.oo..oooo....oooo.o.ooo...oo.o...o
......oo.o.o.o.o.oo..oooo....oooo.o.ooo...o..o...o
......oo.o.o.o.o.oo..oooo....oooo.o.ooo......o...o
....o.oo.o.o.o.o.oo..oooo....oooo.o.ooo......o...o
....o.oo.o.o.o.o.oo..oooo....oooo.o.ooo..o...o...o
....o.oo.o.o.ooo.oo..oooo....oooo.o.ooo..o...o...o
....o.oo.o.o.ooo.oo..oooo.o..oooo.o.ooo..o...o...o
....o.oo.o.o.ooo.oo..oooo.o..oooo.o.ooo..o...oo..o
....o.oo.o.o.oo..oo..oooo.o..oooo.o.ooo..o...oo..o
....o.oo.o.o.oo..oo..oooo.o..o.oo.o.ooo..o...oo..o
....o.oo.o.o.oo..oo..oooo.o..o.oo.o.ooo..o...oo..o
....oooo.o.o.oo..oo..oooo.o..o.oo.o.ooo..o...oo..o
....oooo.o.o.oo..oo..oooo.o..o.oo.o.ooo..o...oo..o
....oooo.o.o.oo..oo..oooo.o..o.oo.o.ooo..o...oo..o
....oooo.o.o.oo..oo..oooo.o..o.oo.o.ooo..o...oo..o
....oooo.o.o.oo..oo..oooo.o..o.oo.o.ooo..o...oo..o
....oooo.o.o.oo..oo..oooo.o..o.oo.o.ooo..o...oo..o
....oooo.o.o.oo..oo..oooo.o..o.oo.o.ooo..o...oo..o
.....ooo.o.o.oo..oo..oooo.o..o.oo.o.ooo..o...oo..o
.....ooo.o.o.oo..oo..oooo.o..o.oo.o.ooo..o...oo..o
.....ooo.o.o.oo..oo..oooo.o..o..o.o.ooo..o...oo..o
.....ooo.o.o.oo..oo..oooo.o..o..o.o.ooo..o...oo..o
.....ooo.o.o.oo..oo..oooo.o..o..o.o.o.o..o...oo..o
.....ooo.o.o.oo..oo..oooo.o..o..o.o.o.o..o.o.oo..o
.....ooo.o.o.oo..oo..oooo.o.oo..o.o.o.o..o.o.oo..o
.....ooo.o.o.oo..oo..oooo.o.oo..o.o.ooo..o.o.oo..o
.....ooo.o.o.oo..oo..oooo.o.oo..o.o.ooo..o.o..o..o
.....ooo.o.o.oo..oo..oooo.o.oo..o.o.ooo..o.o..o..o
.....ooo.o.o.oo..ooo.oooo.o.oo..o.o.ooo..o.o..o..o
.....ooo.o.o.oo..o.o.oooo.o.oo..o.o.ooo..o.o..o..o
.....ooo.o.o.oo..o.o.oooo.o.oo..o.o.ooo..o.o..o..o
.....ooo.o.o.oo..o.o.oooo.o.oo..o.o.ooo..o.o..o..o
.....ooo.o.oooo..o.o.oooo.o.oo..o.o.ooo..o.o..o..o
.....ooo.o.oooo..o.o.oooo.o.oo..o.o.ooo..o.o..o..o
.....ooo.o.oooo..o.o.oooo.o.oo..o.o.ooo..o.o..o..o
.....ooo.o.oooo..o.o.oooo.o.oo..o.o.ooo..o.o..o..o
.....ooo.o.oooo..o.o.oooo.o.oo..o.o.ooo..o.o..o..o
.....ooo.o.oooo..o.o.oooo.o.oo..o.o.ooo..o.o..o..o
.....ooo.o..ooo..o.o.oooo.o.oo..o.o.ooo..o.o..o..o
.....ooo.o..ooo..o.o.oooo.o.oo..o.o.ooo..o.o..o..o
.....ooo.o..ooo..o.o.oooo.o.oo..o.o.ooo..o.o..o..o
.....ooo.o..ooo..o.o.oooo.o.oo..o.o.ooo..o.o..o..o
.....ooo.o..ooo..o.o.oooo.o.oo..o.o.ooo..o.o..o..o
.....ooo.o..ooo..o.o.ooo..o.oo..o.o.ooo..o.o..o..o
.....ooo.o..ooo..o.o.ooo..o.oo..o.o.ooo....o..o..o
.....ooo.o..ooo..o.o.ooo..o.oo..o.o.ooo....o..o..o
.....ooo.o..ooo..o.o.ooo..o.oo..o.o.ooo....o..o..o
.....ooo.o..ooo..o.o.ooo..o.oo..o.o.ooo....o..o..o
.....ooo....ooo..o.o.ooo..o.oo..o.o.ooo....o..o..o
.....ooo....ooo..o.o.ooo..o.oo..o.o.ooo....o..o..o
.....ooo....ooo..o.o.ooo..o.oo.oo.o.ooo....o..o..o
.....ooo....oo...o.o.ooo..o.oo.oo.o.ooo....o..o..o
.....ooo....oo...o.o.ooo..o.oo.oo.o.ooo....o..o..o
.....ooo....oo...o.o.ooo..o.oo.oo.o.ooo....oo.o..o
.....ooo....oo...o.o.ooo..o.oo.oo.o.ooo....oo.o..o
.....ooo....oo...o.o.ooo..o.oo.oo.o.ooo....oo.o..o
.....ooo....oo...o.o.ooo..o.oo.oo.o.ooo....oo.o...
.....ooo....oo...o.o.ooo..o.oo.oo.o.ooo....oo.o...
.....ooo....oo...o.o.ooo..o.oo.oo.o.ooo....oo.o...
.....ooo....oo...o.o.ooo..o.oo.oo.o.ooo....oo.o...
.....ooo....oo...o.o.ooo..o.oo.oo.o.ooo....oo.o...
.....ooo....oo...o.o.ooo..o.oo..o.o.ooo....oo.o...
.....ooo....oo...o.o.ooo..o.oo..o.o.ooo....oo.o...
.....ooo....oo...o.o.ooo..o.oo..o.o.ooo....oo.o...
.....ooo..o.oo...o.o.ooo..o.oo..o.o.ooo....oo.o...
.....ooo..o.oo...o.o.ooo..o.oo..o.o.ooo....oooo...
.....ooo..o.oo...o...ooo..o.oo..o.o.ooo....oooo...
.....ooo..o.oo...o...ooo..o.oo..o.o.ooo....oooo...
.....ooo..o.oo...o...ooo..o.oo..o.o.ooo....oooo...
.....ooo..o.oo...o...ooo..o.oo..o.o.ooo....ooo....
.....ooo..o.oo...o...ooo..o.oo..o.o.ooo....ooo....
.....ooo..o.oo...o...ooo..o.oo..o.o.ooo....ooo....
.....ooo..o.oo...o...ooo..o.oo..o.o..oo....ooo....
.....ooo..o.oo...o...ooo..o.oo..o.o..oo....ooo....
.....ooo..o.oo...o...ooo..o.oo..o.o..oo....ooo....
.....ooo..o.oo...o...ooo..o.oo..o.o..oo....ooo....
.....ooo..o.oo...o...ooo..o.oo..o.o..oo....ooo....
.....ooo....oo...o...ooo..o.oo..o.o..oo....ooo....
.....ooo....oo...o...ooo..o.oo..o.o..oo....ooo....
.....ooo....oo...o...ooo..o.oo..o.o..oo....ooo....
.....ooo....oo...o...ooo..o.oo..o.o..oo....ooo....
......oo....oo...o...ooo..o.oo..o.o..oo....ooo....
......oo....oo...o...ooo....oo..o.o..oo....ooo....
......oo....oo...oo..ooo....oo..o.o..oo....ooo....
......oo....oo...oo..ooo....oo..o.o..oo....ooo....
......oo....oo....o..ooo....oo..o.o..oo....ooo....
......oo....oo....o..ooo....oo..o.o..oo....ooo....
......oo....oo....o..ooo....oo..o.o..oo....ooo....
......oo....oo....o..ooo....oo..o.o..oo....ooo....
......oo....oo....o..ooo....oo..o.o..oo....ooo....
......oo....oo....o..ooo....oo..o.o..oo....ooo....
......oo....oo....o..ooo....oo..o.o..oo....ooo....
......oo....oo....o..ooo....oo..o.o..oo....ooo....
......oo....oo....o..ooo....oo..o.o..oo....oo.....
......oo....oo....o..ooo....oo..o.o..oo....oo.....
......oo....oo....o..ooo.....o..o.o..oo....oo.....
......oo....oo....o..ooo.....o..o.o..oo.o..oo.....
......oo....oo....o..ooo.....o..o.o..oo.o..oo..o..
......oo....oo....o..ooo.....o..ooo..oo.o..oo..o..
......oo....oo....o..ooo.....o..ooo..oo.o..oo..o..
......oo....oo....o..ooo.....o..ooo..o..o..oo..o..
......oo....oo....o..ooo.....o..oo...o..o..oo..o..
......oo....oo....o..ooo.....o..oo...o..o..oo..o..
......oo....oo....o..ooo.....o..oo...o..o..oo..o..
.......o....oo....o..ooo.....o..oo...o..o..oo..o..
.......o....oo....o..ooo.....o..oo...o.oo..oo..o..
.o.....o....oo....o..ooo.....o..oo...o.oo..oo..o..
.o.....o....oo....o..ooo.....o..oo...o.oo..oo..o..
.o.....o....oo....o..ooo.....o..oo...o.oo..oo..oo.
.o.....o....oo....o..oooo....o..oo...o.oo..oo..oo.
.o.....o....oo....o..oo.o....o..oo...o.oo..oo..oo.
.o..........oo....o..oo.o....o..oo...o.oo..oo..oo.
.o...o......oo....o..oo.o....o..oo...o.oo..oo..oo.
.o...o......oo....o..oo.o....o..oo...o.oo..oo..oo.
.o...o......oo.o..o..oo.o....o..oo...o.oo..oo..oo.
.o...o......oo.o..o..oo.o....o..oo...o.oo..oo..oo.
.o...o......oo.oo.o..oo.o....o..oo...o.oo..oo..oo.
.o...o......oo.oo.o..oo.o....o..oo...o..o..oo..oo.
.o...o......oo.oo.o..oo.o....o..oo...o..o..oo..oo.
.o...o......oo.oo.o..oo.o....o..oo...o..o..oo..oo.
.o...o......oo.oo.o..oo.o....o..oo...o..o..oo..oo.
.o...o......oo.oo.o..oo.o....o..oo...o..o..oo..oo.
.o...o......oo.oo.o..oo.o....o..oo...o..o..oo..oo.
.o...o......oo.oo.o..oo.o....o..oo...o..o..o...oo.
.o...o......oo.oo.o..oo.o....o..oo...o..o..o...oo.
.o...o......oo.oo.o..oo......o..oo...o..o..o...oo.
.o...o......oo.oo.o..o.......o..oo...o..o..o...oo.
.o...o......oo.oo.o..o.......o..oo...o..o..o...oo.
.o...o......oo.oo.o..o.......o..oo...o..o..o...oo.
.o...o......oo.oo.o..o.......oo.oo...o..o..o...oo.
.o...o......oo.oo.o..o.......oo.oo.o.o..o..o...oo.
.o...o......oo.oo.o..o.......oo.oo.o.o..o..o...oo.
.o...o......oo.oo.o..o.......oo.oo.o.o..o......oo.
.o...o......oo.oo.o..o.......oo.oo.o.o..o.......o.
.o...o......oo.oo.o..o.......oo.oo.o.o..o.......o.
.o...o......oo.oo.o..o.......oo.oo.o.o..o.......o.
.o...o......oo.oo.o..o.......oo.oo.o.o..o.......o.
.o...o......oo.oo.o..o.......oo.oo.o.o..o.......o.
.o...o......oo.oo.o..o.......oo.oo.o.o..o.......o.
.o..........oo.oo.o..o.......oo.oo.o.o..o.......o.
.o..........oo.oo.o..o.......oo.oo.o.o..o.....o.o.
.o.....o....oo.oo.o..o.......oo.oo.o.o..o.....o.o.
.o.....o....oo.oo.o..o.......oo.oo.o.o..o.....o.o.
.o.....o....oo.oo.o..o.......oo.oo.o.o..o.....o...
.o.....o....oo.oo.o..o.......oo.oo.o.o..o.....o...
.o.....o....oo.oo.o..o.o.....oo.oo.o.o..o.....o...
.o.....o....oo.oo.o..o.o.....oo.oo.o.o..o.....o...
.o.....o....oo.oo.o..o.o.....oo.oo.o.o..o.....o...
.o.....o....oo.oo.o..o.o.....oo.oo.o.o..o.....o...
.o.....o....oo.oo.o..o.o.....oo.oo.o.o..o.....o...
.o.....o....oo.oo.o..o.o.....oo.oo.o.o..o.....o...
.o.....o....oo.oo.o..o.o.....oo.oo.o.o..o.....o...
.o....oo....oo.oo.o..o.o.....oo.oo.o.o..o.....o...
.o....oo....oo.oo.o..o.o.....oo.oooo.o..o.....o...
.o....oo....oo.oo.o....o.....oo.oooo.o..o.....o...
.o....oo....oo.oo.o....o.....oo.oooo.o..o.....o...
.o....oo....oo.oo.o....o.....oo.oooo.o..o.....o...
.o....oo....oo.oo.o....o.....oo.oooo.o..o..o..o...
.o....oo....oo.oo.o....o.....oo.oooo.o..o..o..o...
.o....oo....oo.oo.o....o.....oo.oooo.o..o..o..o...
.o....oo....oo.oo.o....o.....oo.ooo..o..o..o..o...
.o....oo....oo.oo.o....o.....oo.ooo..o..o..o..o...
.o....oo....oo.oo.o....o.....oo.ooo..o..o..o..o...
.o....oo....oo.oo.o....o.....oo.ooo..o..o..o..o...
.o....oo....oo.oooo....o.....oo.ooo..o..o..o..o...
.o....oo....oo.oooo...oo.....oo.ooo..o..o..o..o...
.o....oo....oo.oooo...oo.....oo.ooo..o..o..o..o...
.o....oo....oo.oooo...oo.....oo.ooo..o..o..o..o...
.o....oo....oo.oooo...oo.....oo.ooo..o..o..o..o...
.o....oo....oo.oooo...oo.....oo.ooo..o..oo.o..o...
.o....oo....oo.ooo....oo.....oo.ooo..o..oo.o..o...
.o....oo....oo.ooo....oo.....oo.oo...o..oo.o..o...
.o....oo....oo.ooo....oo.....oo.oo...o..oo.o..o...
.o....oo....oo.ooo....oo.....o..oo...o..oo.o..o...
.o....oo....oo.ooo....oo.....o..oo...o..oo.o..o...
.o....oo....oo.ooo....oo.....o..oo...o..oo.o..o...
.o....oo....oo.ooo..o.oo.....o..oo...o..oo.o..o...
.o....oo....oo.ooo..o.oo.....o..oo...o..oo.o..o...
.o....oo....oo.ooo..o.oo.....o..oo...o.ooo.o..o...
.o....oo....oo.ooo..o.oo.....o..oo...o.ooo.o..o...
.o....oo....oo.ooo..o.oo.....o..oo...o.ooo.o..o...
.o....oo....oo.ooo..o.oo.....o..oo...o.ooo.o......
oo....oo....oo.ooo..o.oo.....o..oo...o.ooo.o......
oo....oo....oo.ooo..o.oo.....o..oo...o.ooo.o......
oo....oo....oo.ooo..o.oo.....o..oo...o.ooo.o......
oo....oo....oo.ooo..o.oo.....o..oo...o.ooo.o......
oo....oo....oo.ooo..o.oo.....o..oo...o.ooo.o......
oo....oo....oo.ooo..o.oo.....o...o...o.ooo.o......
oo....oo....oo.ooo..o.oo.....o...o...o.ooo.o......
oo....oo....oo.ooo..o.oo.....o...o...o.ooo.o......
oo....oo....oo.ooo..o.oo.....o...o...o.ooo.o......
oo....oo....oo.ooo..o.oo.....o...o...o.ooo.o......
oo....oo....oo.ooo..o.oo.....o...o...o.ooo.o......
oo....oo....oo.ooo..o.oo.....o...o...o.o.o.o......
oo....oo....oo.ooo..o.o......o...o...o.o.o.o......
oo....oo....oo.oooo.o.o......o...o...o.o.o.o......
oo....oo....oo.oooo.o.o......o...o...o.o.o.o....o.
oo....oo....oo.oooo.o.o......o...o...o.o...o....o.
oo....oo....oo.oooo.o.o......o...o...o.o...o....o.
oo....oo....oo.oooo.o.o......o...o...o.o...o....o.
oo....oo....oo.oooo.o.o......o...o...o.o...o....o.
ooo...oo....oo.oooo.o.o......o...o...o.o...o....o.
ooo...oo....oo.oooo.o.o......o...o...o.o.o.o....o.
ooo...oo....oo.oooo.o.o......o...o...o.o.o.o....o.
ooo...oo....oo.oooo.o.o......o...o...o.o.o.o....o.
ooo...oo....oo.oooo.o.o......o...o...o.o.o.o....o.
ooo...oo....oo.oooo.o.o......o...o...o.o.o.o....o.
ooo...oo....oo.oooo.o.o......o.......o.o.o.o....o.
ooo...oo....oo.oooo.o.o......o.......o.o.o.o....o.
ooo...oo....oo.oooo.o.o.o....o.......o.o.o.o....o.
ooo...oo....o..oooo.o.o.o....o.......o.o.o.o....o.
ooo...oo....o..oooo.o.ooo....o.......o.o.o.o....o.
ooo...oo....o..oooo.o.ooo....o.......o.o.o.o....o.
ooo...oo...oo..oooo.o.ooo....o.......o.o.o.o....o.
ooo...oo...oo..oooo.o.ooo....o.......o.o.o.o....o.
ooo...oo...oo..oooo.o.ooo....o.......o...o.o....o.
ooo...oo...oo..oooo.o.ooo....o.......o...o.o....o.
.oo...oo...oo..oooo.o.ooo....o.......o...o.o....o.
.oo...oo...oo..oooo.o.ooo....o.......o...o.o....o.
.oo...oo...oo..oooo.o.ooo....o.......o...o.o....o.
.oo...oo...oo..oooo.o.ooo....o.......o...o.o....o.
.oo...oo...oo..oooo.o.ooo....o.......o...o.o....o.
.oo...oo...oo..oooo.o.ooo....o.......o..oo.o....o.
.oo...oo...oo..oooo.o.ooo....o.......o..oo.o....o.
.oo...oo...oo..oooo.o.ooo....o.......o..oo.o....o.
.oo...oo...oo..oooo.o.ooo....o.......o..oo.oo...o.
.oo...oo...oo..oooo.o.ooo....o.......o..o..oo...o.
.oo....o...oo..oooo.o.ooo....o.......o..o..oo...o.
.oo....o...oo..oooo.o.ooo....o.......o..o..oo...oo
ooo....o...oo..oooo.o.ooo....o.......o..o..oo...oo
ooo....o...oo..oooo.o.ooo....o.......o..o..oo...oo
ooo....o...oo..oooo.o.ooo....o.......o..o..oo...oo
o.o....o...oo..oooo.o.ooo....o.......o..o..oo...oo
o.o....o...oo..oooo.o.ooo....o.......o..o..oo...oo
o.o....o...oo..oooo.o.ooo....o.......o..o..oo...oo
o.o....o...oo..oooo.o.ooo....o.......o..o..oo...oo
o.o....o...oo..oooo.o.ooo....o.......o..o..oo...oo
o.o....o...o...oooo.o.ooo....o.......o..o..oo...oo
o.o....o...o...oooo.o.ooo....o.......o..o..oo...oo
o.o....o...o...oooo.o.ooo....o.......o..o..oo...oo
o.o....o...o...oooo.o.ooo....o.......o..o..oo...oo
o.o....o...o...oooo.o.ooo....o.......o..o..oo...oo
o.o....o...o...oooo...ooo....o.......o..o..oo...oo
o.o....o...o...oooo...ooo....o.......oo.o..oo...oo
o.oo...o...o...oooo...ooo....o.......oo.o..oo...oo
o.oo...o...o.o.oooo...ooo....o.......oo.o..oo...oo
o.oo...o...o.o.ooo....ooo....o.......oo.o..oo...oo
o.oo...o...o.o.ooo....ooo....o.......oo.o..oo...oo
o.oo...o...o.o.ooo....ooo....o.......oo.o..oo....o
o.oo...o..oo.o.ooo....ooo....o.......oo.o..oo....o
o.oo...o..oo.o.ooo....ooo....o.......oo.o..oo....o
o.oo...o..oo.o.ooo....ooo....o.......oo.o..oo....o
o.oo...o..oo.o.ooo....oo.....o.......oo.o..oo....o
o.oo...o..oo.o.ooo....oo.....o.......oo.o..oo....o
o.oo...o..oo.o.ooo....oo.....o.......oo.o..oo....o
o.oo...o..oo.o.ooo....oo.....o.......oo.o..oo....o
o.oo...o..oo.o.ooo....oo.....o.......oo.o..oo....o
o.oo...o..oo.o.ooo....oo.....o.......oo.o..oo....o
o.oo...o..oo.o.ooo....oo.....o.......oo.o..oo....o
o.oo...o..oo.o.ooo....oo.....o.......oo.o..oo....o
o.oo...o..oo.o.ooo....oo.....o.......oo.o..oo....o
o.oo...o..oo.o.ooo....oo.....o.......oo.o..oo....o
o.oo...o..oo.o.ooo....oo.....o.......oo.o..oo....o
o.oo...o..oo.o.ooo....oo.....o.......oo.o..oo....o
o.oo...o..oo.o.ooo....oo.....o.......oo.o..oo....o
o.oo...o..oo.o.ooo....oo.....oo......oo.o..oo....o
o.oo...o..oo.o.ooo....oo.....oo......oo.o..oo....o
o.oo...o..oo.o.ooo....oo.....oo......oo.o..oo....o
o.oo...o..oo.o.ooo....oo.....oo......oo.o..oo....o
o.oo...o..oo.o.ooo....oo.....oo......oo.o..oo....o
o.oo...o..oo.o.ooo....oo.....oo......oo.o..o.....o
o.oo...o..oo.o.ooo....oo.....oo......oo.o..o.....o
o.oo...o..oo.o.ooo....oo.....oo......oo.o..o.....o
o..o...o..oo.o.ooo....oo.....oo......oo.o..o.....o
o..o...o..oo.o.ooo....oo.....oo......oo....o.....o
o..o...o..oo.o.ooo....oo.....oo......oo....o.....o
o..o...o..oo.o.ooo....oo...o.oo......oo....o.....o
o..o...o..oo.o.ooo....oo...o.oo.....ooo....o.....o
o..o...o..oo.o.ooo....oo...o.oo.....ooo....o.....o
o..o...o..oo.o.oo.....oo...o.oo.....ooo....o.....o
o..o...o..oo.o.oo.....oo...o.oo.....ooo....o.....o
o..o...o...o.o.oo.....oo...o.oo.....ooo....o.....o
o..o...o...o.o.oo.....oo...o.oo.....ooo....o.....o
o..o...o...o.o.oo.....oo...o.oo.....ooo....o.....o
o..o...o...o.o.oo.....oo...o.oo.....o.o....o.....o
o..o...o...o.o.oo.....oo...o.oo.....o.o....o.....o
o..oo..o...o.o.oo.....oo...o.oo.....o.o....o.....o
o..oo..o...o.o.oo.....oo...o..o.....o.o....o.....o
o..oo..o...o.o.oo.....oo...o..o.....o.o....o.....o
o..oo..o...o.o.oo.o...oo...o..o.....o.o....o.....o
o..oo..o...o.o.oo.o...oo...o..o.....o.o....o.....o
o..oo..o...o.o.oo.o...o....o..o.....o.o....o.....o
o...o..o...o.o.oo.o...o....o..o.....o.o....o.....o
o...o..o...o.o.oo.o...o....o..o.....o.o....o.....o
o...o..o...o.o.oo.o...o....o..oo....o.o....o.....o
o...o..o...o.o.oo.o...o....o..oo....o.o....o.....o
o...o..o...o.o.oo.o...o....o..oo....o.o...oo.....o
....o..o...o.o.oo.o...o....o..oo....o.o...oo.....o
....o..o...o.o.oo.o...o....o..oo....o.o...oo.....o
....o..o...o.o.oo.o...o....o..oo......o...oo.....o
....o..o...ooo.oo.o...o....o..oo......o...oo.....o
....o..o...ooo.oo.o...o....o..oo..........oo.....o
....oo.o...ooo.oo.o...o....o..oo..........oo.....o
....oo.o...ooo.oo.o...o....o..oo..........oo.....o
....oo.o...ooo.oo.o...o....o..oo..........oo.....o
....oo.o...ooo.oo.o...o....o..oo..........oo.....o
....oo.....ooo.oo.o...o....o..oo..........oo.....o
....oo.....ooo.oo.o...o....o..oo..........oo.....o
....oo.....ooo.oo.o...o....o..oo..........oo......
....oo.....ooo.oo.o...o....o..oo..........oo......
....oo.....ooo.oo.o.o.o....o..oo..........oo......
....oo.....ooo.oo.o.o.o....o..oo..........oo......
....oo.....ooo.oo.o.o.o....o..oo..........oo......
....oo.....ooo.oo.o.o.o.......oo..........oo......
....oo.....ooo.oo.o.o.o.......oo..........oo......
....oo.....ooo.oo.o.o.o.......oo..........oo......
....oo.....ooo.oo.o.o.o.......oo..........oo......
.....o.....ooo.oo.o.o.o.......oo..........oo......
.....o.....ooo.oo.o.o.o.......oo..........oo.....o
.....o.....ooo.oo.o.o.o......ooo..........oo.....o
.....o.....ooo.oo.o.o.o....o.ooo..........oo.....o
.....o.....ooo.oo.o.o.o....o.ooo..........oo.....o
.....o.....oooooo.o.o.o....o.ooo..........oo.....o
.....o.....oooooo.o.o.o....o.ooo........o.oo.....o
.....o.....oooooo.o.o.o....o.ooo........o.oo.....o
.....o.....oooooo.o.o......o.ooo........o.oo.....o
...........oooooo.o.o......o.ooo........o.oo.....o
...........oooooo.o.o......o.ooo........o.oo.....o
...........ooooo..o.o......o.ooo........o.oo.....o
...........ooooo..o.o......o.ooo.o......o.oo.....o
..................................................
